
Mar 20, 2024 04:04:40.261 NEW SESSION
Mar 20, 2024 04:04:40.262 [16712:16212:0320/040440.252:ERROR:cert_issuer_source_aia.cc(35)] Error parsing cert retrieved from AIA (as DER):
Mar 20, 2024 04:04:40.262 ERROR: Couldn't read tbsCertificate as SEQUENCE
Mar 20, 2024 04:04:40.262 ERROR: Failed parsing Certificate
Mar 20, 2024 04:04:40.262 
Mar 20, 2024 04:04:40.503 [16712:16212:0320/040440.502:ERROR:cert_issuer_source_aia.cc(35)] Error parsing cert retrieved from AIA (as DER):
Mar 20, 2024 04:04:40.503 ERROR: Couldn't read tbsCertificate as SEQUENCE
Mar 20, 2024 04:04:40.504 ERROR: Failed parsing Certificate
Mar 20, 2024 04:04:40.504 
Mar 20, 2024 04:04:42.544 INFO: Created TensorFlow Lite XNNPACK delegate for CPU.
Mar 20, 2024 04:05:30.339 [16712:16212:0320/040530.339:ERROR:cert_issuer_source_aia.cc(35)] Error parsing cert retrieved from AIA (as DER):
Mar 20, 2024 04:05:30.339 ERROR: Couldn't read tbsCertificate as SEQUENCE
Mar 20, 2024 04:05:30.340 ERROR: Failed parsing Certificate
Mar 20, 2024 04:05:30.340 
Mar 20, 2024 04:15:37.975 [8992:2600:0320/041537.975:ERROR:cert_issuer_source_aia.cc(35)] Error parsing cert retrieved from AIA (as DER):
Mar 20, 2024 04:15:37.976 ERROR: Couldn't read tbsCertificate as SEQUENCE
Mar 20, 2024 04:15:37.976 ERROR: Failed parsing Certificate
Mar 20, 2024 04:15:37.976 
Mar 20, 2024 04:15:38.251 [8992:17780:0320/041538.251:ERROR:cert_issuer_source_aia.cc(35)] Error parsing cert retrieved from AIA (as DER):
Mar 20, 2024 04:15:38.251 ERROR: Couldn't read tbsCertificate as SEQUENCE
Mar 20, 2024 04:15:38.251 ERROR: Failed parsing Certificate
Mar 20, 2024 04:15:38.252 
Mar 20, 2024 04:15:39.613 INFO: Created TensorFlow Lite XNNPACK delegate for CPU.
Mar 20, 2024 04:17:11.50 [8992:2600:0320/041711.050:ERROR:cert_issuer_source_aia.cc(35)] Error parsing cert retrieved from AIA (as DER):
Mar 20, 2024 04:17:11.51 ERROR: Couldn't read tbsCertificate as SEQUENCE
Mar 20, 2024 04:17:11.52 ERROR: Failed parsing Certificate
Mar 20, 2024 04:17:11.52 
Mar 20, 2024 04:17:11.296 [8992:2600:0320/041711.295:ERROR:cert_issuer_source_aia.cc(35)] Error parsing cert retrieved from AIA (as DER):
Mar 20, 2024 04:17:11.296 ERROR: Couldn't read tbsCertificate as SEQUENCE
Mar 20, 2024 04:17:11.296 ERROR: Failed parsing Certificate
Mar 20, 2024 04:17:11.296 
Mar 20, 2024 04:17:37.516 [8992:2600:0320/041737.515:ERROR:cert_issuer_source_aia.cc(35)] Error parsing cert retrieved from AIA (as DER):
Mar 20, 2024 04:17:37.516 ERROR: Couldn't read tbsCertificate as SEQUENCE
Mar 20, 2024 04:17:37.516 ERROR: Failed parsing Certificate
Mar 20, 2024 04:17:37.517 
